06/07/2025 09:37:28 PM: INFO: **---TC001 Account Registration started----**
06/07/2025 09:37:28 PM: INFO: **---Launching Application----**
06/07/2025 09:37:31 PM: INFO: **---clicking on Register link----**
06/07/2025 09:37:32 PM: INFO: **---Entering basic details----**
06/07/2025 09:37:32 PM: INFO: **---clicking on Registration button----**
06/07/2025 09:37:33 PM: INFO: **---result msg is matched----**
06/07/2025 09:37:33 PM: INFO: **---TC001 Account Registration finished----**
06/07/2025 09:38:44 PM: INFO: **---TC001 Account Registration started----**
06/07/2025 09:38:44 PM: INFO: **---Launching Application----**
06/07/2025 09:38:49 PM: INFO: **---clicking on Register link----**
06/07/2025 09:38:49 PM: INFO: **---Entering basic details----**
06/07/2025 09:38:49 PM: INFO: **---clicking on Registration button----**
06/07/2025 09:38:50 PM: INFO: **---result msg is matched----**
06/07/2025 09:38:50 PM: INFO: **---TC001 Account Registration finished----**
06/08/2025 12:46:35 PM: INFO: **---TC001 Account Registration started----**
06/08/2025 12:46:35 PM: INFO: **---Launching Application----**
06/08/2025 12:46:39 PM: INFO: **---clicking on Register link----**
06/08/2025 12:46:39 PM: INFO: **---Entering basic details----**
06/08/2025 12:46:39 PM: INFO: **---clicking on Registration button----**
06/08/2025 12:46:40 PM: INFO: **---result msg is matched----**
06/08/2025 12:46:40 PM: INFO: **---TC001 Account Registration finished----**
06/08/2025 12:47:59 PM: INFO: **---TC001 Account Registration started----**
06/08/2025 12:47:59 PM: INFO: **---Launching Application----**
06/08/2025 12:48:02 PM: INFO: **---clicking on Register link----**
06/08/2025 12:48:02 PM: INFO: **---Entering basic details----**
06/08/2025 12:48:02 PM: INFO: **---clicking on Registration button----**
06/08/2025 12:48:04 PM: INFO: **---result msg is matched----**
06/08/2025 12:48:04 PM: INFO: **---TC001 Account Registration finished----**
06/08/2025 01:17:24 PM: INFO: **---TC001 Account Registration started----**
06/08/2025 01:17:24 PM: INFO: **---Launching Application----**
06/08/2025 01:17:28 PM: INFO: **---clicking on Register link----**
06/08/2025 01:17:28 PM: INFO: **---Entering basic details----**
06/08/2025 01:17:28 PM: INFO: **---clicking on Registration button----**
06/08/2025 01:17:29 PM: INFO: **---result msg is matched----**
06/08/2025 01:17:29 PM: INFO: **---TC001 Account Registration finished----**
06/08/2025 09:18:50 PM: INFO: **---TC001 Account Registration started----**
06/08/2025 09:18:50 PM: INFO: **---Launching Application----**
06/08/2025 09:18:54 PM: INFO: **---clicking on Register link----**
06/08/2025 09:18:54 PM: INFO: **---Entering basic details----**
06/08/2025 09:18:54 PM: INFO: **---clicking on Registration button----**
06/08/2025 09:18:55 PM: INFO: **---result msg is matched----**
06/08/2025 09:18:55 PM: INFO: **---TC001 Account Registration finished----**
06/08/2025 09:58:18 PM: INFO: ***---Login is started---***
06/08/2025 10:00:13 PM: INFO: ***---Login is started---***
06/08/2025 10:00:46 PM: INFO: ***---Login is started---***
06/09/2025 10:21:51 AM: INFO: ***---Login is started---***
06/09/2025 10:23:12 AM: INFO: ***---Login is started---***
06/09/2025 10:29:24 AM: INFO: ***---Login is started---***
06/09/2025 10:29:25 AM: INFO: ***---Launching browser window---***
06/09/2025 10:29:26 AM: INFO: ***---Launching Landing Page---***
06/09/2025 10:29:30 AM: INFO: ***---Launching Login Page---***
06/09/2025 10:29:30 AM: INFO: ***---Launching Home Page---***
06/09/2025 10:29:32 AM: INFO: ***---LLogin function is completed---***
06/09/2025 10:29:50 AM: INFO: ***---Login is started---***
06/09/2025 10:29:51 AM: INFO: ***---Launching browser window---***
06/09/2025 10:29:55 AM: INFO: ***---Launching Landing Page---***
06/09/2025 10:29:55 AM: INFO: ***---Launching Login Page---***
06/09/2025 10:29:56 AM: INFO: ***---Launching Home Page---***
06/09/2025 10:32:56 AM: INFO: ***---Login is started---***
06/09/2025 10:32:57 AM: INFO: ***---Launching browser window---***
06/09/2025 10:32:58 AM: INFO: ***---Launching Landing Page---***
06/09/2025 10:33:02 AM: INFO: ***---Launching Login Page---***
06/09/2025 10:33:02 AM: INFO: ***---Launching Home Page---***
06/09/2025 10:36:38 AM: INFO: ***---Login is started---***
06/09/2025 10:36:39 AM: INFO: ***---Launching browser window---***
06/09/2025 10:36:44 AM: INFO: ***---Launching Landing Page---***
06/09/2025 10:36:44 AM: INFO: ***---Launching Login Page---***
06/09/2025 10:36:45 AM: INFO: ***---Launching Home Page---***
06/09/2025 10:40:52 AM: INFO: ***---Login is started---***
06/09/2025 10:40:53 AM: INFO: ***---Launching browser window---***
06/09/2025 10:40:55 AM: INFO: ***---Launching Landing Page---***
06/09/2025 10:40:59 AM: INFO: ***---Launching Login Page---***
06/09/2025 10:40:59 AM: INFO: ***---Launching Home Page---***
06/09/2025 10:41:53 AM: INFO: **---TC001 Account Registration started----**
06/09/2025 10:41:53 AM: INFO: **---Launching Application----**
06/09/2025 10:41:58 AM: INFO: **---clicking on Register link----**
06/09/2025 10:41:58 AM: INFO: **---Entering basic details----**
06/09/2025 10:41:58 AM: INFO: **---clicking on Registration button----**
06/09/2025 10:42:04 AM: INFO: **---result msg is not matched----**
06/09/2025 10:43:06 AM: INFO: ***---Login is started---***
06/09/2025 10:43:07 AM: INFO: ***---Launching browser window---***
06/09/2025 10:43:11 AM: INFO: ***---Launching Landing Page---***
06/09/2025 10:43:11 AM: INFO: ***---Launching Login Page---***
06/09/2025 10:43:12 AM: INFO: ***---Launching Home Page---***
06/09/2025 10:46:20 AM: INFO: ***---Login is started---***
06/09/2025 10:46:22 AM: INFO: ***---Launching browser window---***
06/09/2025 10:46:23 AM: INFO: ***---Launching Landing Page---***
06/09/2025 10:46:27 AM: INFO: ***---Launching Login Page---***
06/09/2025 10:46:28 AM: INFO: ***---Launching Home Page---***
06/09/2025 10:48:19 AM: INFO: ***---Login is started---***
06/09/2025 10:48:20 AM: INFO: ***---Launching browser window---***
06/09/2025 10:48:21 AM: INFO: ***---Launching Landing Page---***
06/09/2025 10:48:26 AM: INFO: ***---Launching Login Page---***
06/09/2025 10:48:26 AM: INFO: ***---Launching Home Page---***
06/09/2025 10:51:09 AM: INFO: ***---Login is started---***
06/09/2025 10:51:10 AM: INFO: ***---Launching browser window---***
06/09/2025 10:51:15 AM: INFO: ***---Launching Landing Page---***
06/09/2025 10:51:16 AM: INFO: ***---Launching Login Page---***
06/09/2025 10:51:16 AM: INFO: ***---Launching Home Page---***
06/09/2025 10:53:57 AM: INFO: ***---Login is started---***
06/09/2025 10:53:58 AM: INFO: ***---Launching browser window---***
06/09/2025 10:54:03 AM: INFO: ***---Launching Landing Page---***
06/09/2025 10:54:03 AM: INFO: ***---Launching Login Page---***
06/09/2025 10:54:03 AM: INFO: ***---Launching Home Page---***
06/09/2025 10:54:53 AM: INFO: ***---Login is started---***
06/09/2025 10:54:54 AM: INFO: ***---Launching browser window---***
06/09/2025 10:54:55 AM: INFO: ***---Launching Landing Page---***
06/09/2025 10:55:01 AM: INFO: ***---Launching Login Page---***
06/09/2025 10:55:01 AM: INFO: ***---Launching Home Page---***
06/09/2025 11:07:26 AM: INFO: **---TC001 Account Registration started----**
06/09/2025 11:07:26 AM: INFO: **---Launching Application----**
06/09/2025 11:07:33 AM: INFO: **---clicking on Register link----**
06/09/2025 11:07:34 AM: INFO: **---Entering basic details----**
06/09/2025 11:07:34 AM: INFO: **---clicking on Registration button----**
06/09/2025 11:07:39 AM: INFO: **---result msg is not matched----**
06/09/2025 01:22:20 PM: INFO: ** Login DDT testing started **
06/09/2025 01:22:21 PM: INFO: ** getting total rows **
06/09/2025 01:22:21 PM: INFO: ** getting total columns **
06/09/2025 01:22:32 PM: INFO: ** creating all page objects **
06/09/2025 01:22:32 PM: INFO: ** ddt for loop **
06/09/2025 01:22:34 PM: INFO: ** getting result **
06/09/2025 01:22:34 PM: INFO: ** Verifying result **
06/09/2025 01:22:34 PM: INFO: ** result matched **
06/09/2025 01:22:36 PM: INFO: ** getting result **
06/09/2025 01:22:41 PM: INFO: ** Verifying result **
06/09/2025 01:22:41 PM: INFO: ** result matched **
06/09/2025 01:23:09 PM: INFO: ** getting result **
06/09/2025 01:23:15 PM: INFO: ** Verifying result **
06/09/2025 01:23:15 PM: INFO: ** result matched **
06/09/2025 01:23:31 PM: INFO: ***---Login is started---***
06/09/2025 01:23:31 PM: INFO: ** Login DDT testing started **
06/09/2025 01:23:32 PM: INFO: **---TC001 Account Registration started----**
06/09/2025 01:23:32 PM: INFO: **---Launching Application----**
06/09/2025 01:23:35 PM: INFO: **---clicking on Register link----**
06/09/2025 01:23:36 PM: INFO: **---Entering basic details----**
06/09/2025 01:23:36 PM: INFO: **---clicking on Registration button----**
06/09/2025 01:23:41 PM: INFO: **---result msg is not matched----**
06/09/2025 01:23:42 PM: INFO: ***---Launching browser window---***
06/09/2025 01:23:45 PM: INFO: ***---Launching Landing Page---***
06/09/2025 01:23:46 PM: INFO: ***---Launching Login Page---***
06/09/2025 01:23:46 PM: INFO: ***---Launching Home Page---***
06/09/2025 01:23:52 PM: INFO: ** getting total rows **
06/09/2025 01:23:52 PM: INFO: ** getting total columns **
06/09/2025 01:23:53 PM: INFO: ** creating all page objects **
06/09/2025 01:23:53 PM: INFO: ** ddt for loop **
06/09/2025 01:23:57 PM: INFO: ** getting result **
06/09/2025 01:23:57 PM: INFO: ** Verifying result **
06/09/2025 01:23:57 PM: INFO: ** result matched **
06/09/2025 01:23:58 PM: INFO: ** getting result **
06/09/2025 01:24:03 PM: INFO: ** Verifying result **
06/09/2025 01:24:03 PM: INFO: ** result matched **
06/09/2025 01:24:04 PM: INFO: ** getting result **
06/09/2025 01:24:10 PM: INFO: ** Verifying result **
06/09/2025 01:24:10 PM: INFO: ** result matched **
06/09/2025 01:25:47 PM: INFO: ***---Login is started---***
06/09/2025 01:25:47 PM: INFO: ** Login DDT testing started **
06/09/2025 01:25:48 PM: INFO: **---TC001 Account Registration started----**
06/09/2025 01:25:48 PM: INFO: **---Launching Application----**
06/09/2025 01:25:51 PM: INFO: **---clicking on Register link----**
06/09/2025 01:25:52 PM: INFO: **---Entering basic details----**
06/09/2025 01:25:52 PM: INFO: **---clicking on Registration button----**
06/09/2025 01:25:53 PM: INFO: **---result msg is matched----**
06/09/2025 01:25:53 PM: INFO: **---TC001 Account Registration finished----**
06/09/2025 01:25:54 PM: INFO: ***---Launching browser window---***
06/09/2025 01:25:55 PM: INFO: ***---Launching Landing Page---***
06/09/2025 01:25:58 PM: INFO: ***---Launching Login Page---***
06/09/2025 01:25:58 PM: INFO: ***---Launching Home Page---***
06/09/2025 01:25:59 PM: INFO: ***---LLogin function is completed---***
06/09/2025 01:26:00 PM: INFO: ** getting total rows **
06/09/2025 01:26:00 PM: INFO: ** getting total columns **
06/09/2025 01:26:01 PM: INFO: ** creating all page objects **
06/09/2025 01:26:01 PM: INFO: ** ddt for loop **
06/09/2025 01:26:05 PM: INFO: ** getting result **
06/09/2025 01:26:05 PM: INFO: ** Verifying result **
06/09/2025 01:26:05 PM: INFO: ** result matched **
06/09/2025 01:26:07 PM: INFO: ** getting result **
06/09/2025 01:26:12 PM: INFO: ** Verifying result **
06/09/2025 01:26:12 PM: INFO: ** result matched **
06/09/2025 01:26:13 PM: INFO: ** getting result **
06/09/2025 01:26:18 PM: INFO: ** Verifying result **
06/09/2025 01:26:18 PM: INFO: ** result matched **
06/09/2025 02:36:59 PM: INFO: ***---Login is started---***
06/09/2025 02:36:59 PM: INFO: ** Login DDT testing started **
06/09/2025 02:37:32 PM: INFO: ***---Login is started---***
06/09/2025 02:37:32 PM: INFO: ** Login DDT testing started **
06/09/2025 02:37:53 PM: INFO: ***---Login is started---***
06/09/2025 02:37:53 PM: INFO: ** Login DDT testing started **
06/09/2025 02:39:14 PM: INFO: ***---Login is started---***
06/09/2025 02:39:14 PM: INFO: ** Login DDT testing started **
06/09/2025 02:40:40 PM: INFO: ***---Login is started---***
06/09/2025 02:40:40 PM: INFO: ** Login DDT testing started **
06/09/2025 02:40:46 PM: INFO: **---TC001 Account Registration started----**
06/09/2025 02:40:46 PM: INFO: **---Launching Application----**
06/09/2025 02:40:50 PM: INFO: **---clicking on Register link----**
06/09/2025 02:40:51 PM: INFO: **---Entering basic details----**
06/09/2025 02:40:51 PM: INFO: **---clicking on Registration button----**
06/09/2025 02:40:52 PM: INFO: **---result msg is matched----**
06/09/2025 02:40:52 PM: INFO: **---TC001 Account Registration finished----**
06/09/2025 04:51:16 PM: INFO: ***---Login is started---***
06/09/2025 04:51:17 PM: INFO: ** Login DDT testing started **
06/09/2025 04:59:27 PM: INFO: **---TC001 Account Registration started----**
06/09/2025 04:59:27 PM: INFO: **---Launching Application----**
06/09/2025 04:59:32 PM: INFO: **---clicking on Register link----**
06/09/2025 04:59:32 PM: INFO: **---Entering basic details----**
06/09/2025 04:59:32 PM: INFO: **---clicking on Registration button----**
06/09/2025 04:59:34 PM: INFO: **---result msg is matched----**
06/09/2025 04:59:34 PM: INFO: **---TC001 Account Registration finished----**
06/09/2025 05:08:05 PM: INFO: ***---Login is started---***
06/09/2025 05:08:06 PM: INFO: ***---Launching browser window---***
06/09/2025 05:08:10 PM: INFO: ***---Launching Landing Page---***
06/09/2025 05:08:11 PM: INFO: ***---Launching Login Page---***
06/09/2025 05:08:11 PM: INFO: ***---Launching Home Page---***
06/09/2025 05:08:12 PM: INFO: ***---LLogin function is completed---***
06/09/2025 05:08:13 PM: INFO: ***---Launching browser window---***
06/09/2025 05:08:17 PM: INFO: ***---Launching Landing Page---***
06/09/2025 05:08:18 PM: INFO: ***---Launching Login Page---***
06/09/2025 05:08:18 PM: INFO: ***---Launching Home Page---***
06/09/2025 05:08:19 PM: INFO: ***---LLogin function is completed---***
06/09/2025 05:08:20 PM: INFO: ***---Launching browser window---***
06/09/2025 05:08:21 PM: INFO: ***---Launching Landing Page---***
06/09/2025 05:08:24 PM: INFO: ***---Launching Login Page---***
06/09/2025 05:08:24 PM: INFO: ***---Launching Home Page---***
06/09/2025 05:08:25 PM: INFO: ***---LLogin function is completed---***
06/09/2025 05:11:02 PM: INFO: ***---Login is started---***
06/09/2025 05:11:03 PM: INFO: ** Login DDT testing started **
06/09/2025 05:11:04 PM: INFO: ***---Launching browser window---***
06/09/2025 05:11:05 PM: INFO: ***---Launching Landing Page---***
06/09/2025 05:11:09 PM: INFO: ***---Launching Login Page---***
06/09/2025 05:11:09 PM: INFO: ***---Launching Home Page---***
06/09/2025 05:11:10 PM: INFO: ***---LLogin function is completed---***
06/09/2025 05:37:51 PM: INFO: ***---Login is started---***
06/09/2025 05:37:52 PM: INFO: ***---Launching browser window---***
06/09/2025 05:37:56 PM: INFO: ***---Launching Landing Page---***
06/09/2025 05:37:57 PM: INFO: ***---Launching Login Page---***
06/09/2025 05:37:58 PM: INFO: ***---Launching Home Page---***
06/09/2025 05:37:58 PM: INFO: ***---LLogin function is completed---***
06/09/2025 05:37:59 PM: INFO: ***---Launching browser window---***
06/09/2025 05:38:03 PM: INFO: ***---Launching Landing Page---***
06/09/2025 05:38:04 PM: INFO: ***---Launching Login Page---***
06/09/2025 05:38:04 PM: INFO: ***---Launching Home Page---***
06/09/2025 05:38:05 PM: INFO: ***---LLogin function is completed---***
06/09/2025 05:38:06 PM: INFO: ***---Launching browser window---***
06/09/2025 05:38:10 PM: INFO: ***---Launching Landing Page---***
06/09/2025 05:38:11 PM: INFO: ***---Launching Login Page---***
06/09/2025 05:38:13 PM: INFO: ***---Launching Home Page---***
06/09/2025 05:38:13 PM: INFO: ***---LLogin function is completed---***
06/09/2025 05:38:50 PM: INFO: ***---Login is started---***
06/09/2025 05:38:50 PM: INFO: ** Login DDT testing started **
06/09/2025 05:38:51 PM: INFO: ***---Launching browser window---***
06/09/2025 05:38:55 PM: INFO: ***---Launching Landing Page---***
06/09/2025 05:38:56 PM: INFO: ***---Launching Login Page---***
06/09/2025 05:38:57 PM: INFO: ***---Launching Home Page---***
06/09/2025 05:38:57 PM: INFO: ***---LLogin function is completed---***
06/09/2025 05:39:41 PM: INFO: ***---Login is started---***
06/09/2025 05:39:41 PM: INFO: ** Login DDT testing started **
06/09/2025 05:39:42 PM: INFO: ***---Launching browser window---***
06/09/2025 05:39:46 PM: INFO: ***---Launching Landing Page---***
06/09/2025 05:39:47 PM: INFO: ***---Launching Login Page---***
06/09/2025 05:39:48 PM: INFO: ***---Launching Home Page---***
06/09/2025 05:39:48 PM: INFO: ***---LLogin function is completed---***
06/09/2025 05:41:42 PM: INFO: ***---Login is started---***
06/09/2025 05:41:42 PM: INFO: ** Login DDT testing started **
06/09/2025 05:41:43 PM: INFO: ***---Launching browser window---***
06/09/2025 05:41:44 PM: INFO: ***---Launching Landing Page---***
06/09/2025 05:41:48 PM: INFO: ***---Launching Login Page---***
06/09/2025 05:41:49 PM: INFO: ***---Launching Home Page---***
06/09/2025 05:41:49 PM: INFO: ***---LLogin function is completed---***
06/09/2025 05:42:51 PM: INFO: ***---Login is started---***
06/09/2025 05:42:51 PM: INFO: ** Login DDT testing started **
06/09/2025 05:42:52 PM: INFO: ***---Launching browser window---***
06/09/2025 05:42:53 PM: INFO: ***---Launching Landing Page---***
06/09/2025 05:42:57 PM: INFO: ***---Launching Login Page---***
06/09/2025 05:42:58 PM: INFO: ***---Launching Home Page---***
06/09/2025 05:42:58 PM: INFO: ***---LLogin function is completed---***
06/09/2025 05:47:22 PM: INFO: ***---Login is started---***
06/09/2025 05:47:22 PM: INFO: ** Login DDT testing started **
06/09/2025 05:47:23 PM: INFO: ***---Launching browser window---***
06/09/2025 05:47:27 PM: INFO: ***---Launching Landing Page---***
06/09/2025 05:47:28 PM: INFO: ***---Launching Login Page---***
06/09/2025 05:47:29 PM: INFO: ***---Launching Home Page---***
06/09/2025 05:47:29 PM: INFO: ***---LLogin function is completed---***
06/09/2025 05:51:35 PM: INFO: ***---Login is started---***
06/09/2025 05:51:35 PM: INFO: ** Login DDT testing started **
06/09/2025 05:51:42 PM: INFO: ***---Launching browser window---***
06/09/2025 05:51:43 PM: INFO: ***---Launching Landing Page---***
06/09/2025 05:51:46 PM: INFO: ***---Launching Login Page---***
06/09/2025 05:51:46 PM: INFO: ***---Launching Home Page---***
06/09/2025 05:51:47 PM: INFO: ***---LLogin function is completed---***
06/09/2025 05:53:24 PM: INFO: ***---Login is started---***
06/09/2025 05:53:24 PM: INFO: ** Login DDT testing started **
06/09/2025 05:53:25 PM: INFO: ***---Launching browser window---***
06/09/2025 05:53:26 PM: INFO: ***---Launching Landing Page---***
06/09/2025 05:53:28 PM: INFO: ***---Launching Login Page---***
06/09/2025 05:53:30 PM: INFO: ***---Launching Home Page---***
06/09/2025 05:53:30 PM: INFO: ***---LLogin function is completed---***
06/09/2025 05:54:52 PM: INFO: ***---Login is started---***
06/09/2025 05:54:52 PM: INFO: ** Login DDT testing started **
06/09/2025 05:54:53 PM: INFO: ***---Launching browser window---***
06/09/2025 05:54:58 PM: INFO: ***---Launching Landing Page---***
06/09/2025 05:54:58 PM: INFO: ***---Launching Login Page---***
06/09/2025 05:54:59 PM: INFO: ***---Launching Home Page---***
06/09/2025 05:54:59 PM: INFO: ***---LLogin function is completed---***
06/09/2025 05:56:00 PM: INFO: ***---Login is started---***
06/09/2025 05:56:01 PM: INFO: ** Login DDT testing started **
06/09/2025 05:56:02 PM: INFO: ***---Launching browser window---***
06/09/2025 05:56:05 PM: INFO: ***---Launching Landing Page---***
06/09/2025 05:56:05 PM: INFO: ***---Launching Login Page---***
06/09/2025 05:56:06 PM: INFO: ***---Launching Home Page---***
06/09/2025 05:56:06 PM: INFO: ***---LLogin function is completed---***
06/09/2025 05:59:40 PM: INFO: ***---Login is started---***
06/09/2025 05:59:41 PM: INFO: ***---Launching browser window---***
06/09/2025 05:59:42 PM: INFO: ***---Launching Landing Page---***
06/09/2025 05:59:45 PM: INFO: ***---Launching Login Page---***
06/09/2025 05:59:46 PM: INFO: ***---Launching Home Page---***
06/09/2025 05:59:46 PM: INFO: ***---LLogin function is completed---***
06/09/2025 05:59:47 PM: INFO: ***---Launching browser window---***
06/09/2025 05:59:48 PM: INFO: ***---Launching Landing Page---***
06/09/2025 05:59:51 PM: INFO: ***---Launching browser window---***
06/09/2025 05:59:52 PM: INFO: ***---Launching Landing Page---***
06/09/2025 06:00:11 PM: INFO: ***---Login is started---***
06/09/2025 06:00:12 PM: INFO: ***---Launching browser window---***
06/09/2025 06:00:15 PM: INFO: ***---Launching Landing Page---***
06/09/2025 06:00:15 PM: INFO: ***---Launching Login Page---***
06/09/2025 06:00:17 PM: INFO: ***---Launching Home Page---***
06/09/2025 06:00:17 PM: INFO: ***---LLogin function is completed---***
06/09/2025 06:00:18 PM: INFO: ***---Launching browser window---***
06/09/2025 06:00:21 PM: INFO: ***---Launching Landing Page---***
06/09/2025 06:00:21 PM: INFO: ***---Launching Login Page---***
06/09/2025 06:00:21 PM: INFO: ***---Launching Home Page---***
06/09/2025 06:00:22 PM: INFO: ***---LLogin function is completed---***
06/09/2025 06:00:23 PM: INFO: ***---Launching browser window---***
06/09/2025 06:00:26 PM: INFO: ***---Launching Landing Page---***
06/09/2025 06:00:27 PM: INFO: ***---Launching Login Page---***
06/09/2025 06:00:27 PM: INFO: ***---Launching Home Page---***
06/09/2025 06:00:28 PM: INFO: ***---LLogin function is completed---***
06/09/2025 06:34:36 PM: INFO: ***---Login is started---***
06/09/2025 06:34:36 PM: INFO: ** Login DDT testing started **
06/09/2025 06:34:38 PM: INFO: ***---Launching browser window---***
06/09/2025 06:34:42 PM: INFO: ***---Launching Landing Page---***
06/09/2025 06:34:43 PM: INFO: ***---Launching Login Page---***
06/09/2025 06:34:44 PM: INFO: ***---Launching Home Page---***
06/09/2025 06:34:44 PM: INFO: ***---LLogin function is completed---***
06/09/2025 06:37:01 PM: INFO: ***---Login is started---***
06/09/2025 06:37:01 PM: INFO: ** Login DDT testing started **
06/09/2025 06:37:25 PM: INFO: ***---Login is started---***
06/09/2025 06:37:25 PM: INFO: ** Login DDT testing started **
06/09/2025 06:37:26 PM: INFO: ***---Launching browser window---***
06/09/2025 06:37:32 PM: INFO: ***---Launching Landing Page---***
06/09/2025 06:37:32 PM: INFO: ***---Launching Login Page---***
06/09/2025 06:37:34 PM: INFO: ***---Launching Home Page---***
06/09/2025 06:37:34 PM: INFO: ***---LLogin function is completed---***
06/10/2025 08:55:14 AM: INFO: ***---Login is started---***
06/10/2025 08:55:14 AM: INFO: ** Login DDT testing started **
06/10/2025 08:55:17 AM: INFO: **---TC001 Account Registration started----**
06/10/2025 08:55:17 AM: INFO: **---Launching Application----**
06/10/2025 08:55:21 AM: INFO: **---clicking on Register link----**
06/10/2025 08:55:22 AM: INFO: **---Entering basic details----**
06/10/2025 08:55:22 AM: INFO: **---clicking on Registration button----**
06/10/2025 08:55:23 AM: INFO: **---result msg is matched----**
06/10/2025 08:55:23 AM: INFO: **---TC001 Account Registration finished----**
06/10/2025 08:55:24 AM: INFO: ***---Launching browser window---***
06/10/2025 08:55:25 AM: INFO: ***---Launching Landing Page---***
06/10/2025 08:55:28 AM: INFO: ***---Launching Login Page---***
06/10/2025 08:55:29 AM: INFO: ***---Launching Home Page---***
06/10/2025 08:55:29 AM: INFO: ***---LLogin function is completed---***
06/10/2025 08:55:30 AM: INFO: ** getting total rows **
06/10/2025 08:55:30 AM: INFO: ** getting total columns **
06/10/2025 08:55:31 AM: INFO: ** creating all page objects **
06/10/2025 08:55:31 AM: INFO: ** ddt for loop **
06/10/2025 08:55:36 AM: INFO: ** getting result **
06/10/2025 08:55:36 AM: INFO: ** Verifying result **
06/10/2025 08:55:36 AM: INFO: ** result matched **
06/10/2025 08:55:37 AM: INFO: ** getting result **
06/10/2025 08:55:42 AM: INFO: ** Verifying result **
06/10/2025 08:55:42 AM: INFO: ** result matched **
06/10/2025 08:55:44 AM: INFO: ** getting result **
06/10/2025 08:55:49 AM: INFO: ** Verifying result **
06/10/2025 08:55:49 AM: INFO: ** result matched **
06/10/2025 08:55:50 AM: INFO: ***---Launching browser window---***
06/10/2025 08:55:51 AM: INFO: ***---Launching Landing Page---***
06/10/2025 08:55:54 AM: INFO: ***---Launching Login Page---***
06/10/2025 08:55:56 AM: INFO: ***---Launching Home Page---***
06/10/2025 08:55:56 AM: INFO: ***---LLogin function is completed---***
06/10/2025 08:55:57 AM: INFO: ***---Launching browser window---***
06/10/2025 08:55:58 AM: INFO: ***---Launching Landing Page---***
06/10/2025 08:56:01 AM: INFO: ***---Launching Login Page---***
06/10/2025 08:56:01 AM: INFO: ***---Launching Home Page---***
06/10/2025 08:56:02 AM: INFO: ***---LLogin function is completed---***
06/10/2025 08:56:03 AM: INFO: ***---Launching browser window---***
06/10/2025 08:56:07 AM: INFO: ***---Launching Landing Page---***
06/10/2025 08:56:07 AM: INFO: ***---Launching Login Page---***
06/10/2025 08:56:08 AM: INFO: ***---Launching Home Page---***
06/10/2025 08:56:08 AM: INFO: ***---LLogin function is completed---***
06/10/2025 10:52:43 AM: INFO: ***---Login is started---***
06/10/2025 10:52:47 AM: INFO: ***---Launching browser window---***
06/10/2025 10:52:51 AM: INFO: ***---Launching Landing Page---***
06/10/2025 10:52:51 AM: INFO: ***---Launching Login Page---***
06/10/2025 10:52:51 AM: INFO: ***---Launching Home Page---***
06/10/2025 10:52:53 AM: INFO: ***---LLogin function is completed---***
06/10/2025 10:52:54 AM: INFO: ***---Launching browser window---***
06/10/2025 10:52:58 AM: INFO: ***---Launching Landing Page---***
06/10/2025 10:52:58 AM: INFO: ***---Launching Login Page---***
06/10/2025 10:52:58 AM: INFO: ***---Launching Home Page---***
06/10/2025 10:52:59 AM: INFO: ***---LLogin function is completed---***
06/10/2025 10:53:00 AM: INFO: ***---Launching browser window---***
06/10/2025 10:53:02 AM: INFO: ***---Launching Landing Page---***
06/10/2025 10:53:05 AM: INFO: ***---Launching Login Page---***
06/10/2025 10:53:06 AM: INFO: ***---Launching Home Page---***
06/10/2025 10:53:06 AM: INFO: ***---LLogin function is completed---***
06/10/2025 10:54:30 AM: INFO: ***---Login is started---***
06/10/2025 10:54:31 AM: INFO: ***---Launching browser window---***
06/10/2025 10:54:35 AM: INFO: ***---Launching Landing Page---***
06/10/2025 10:54:35 AM: INFO: ***---Launching Login Page---***
06/10/2025 10:54:35 AM: INFO: ***---Launching Home Page---***
06/10/2025 10:54:36 AM: INFO: ***---LLogin function is completed---***
06/10/2025 10:54:37 AM: INFO: ***---Launching browser window---***
06/10/2025 10:54:39 AM: INFO: ***---Launching Landing Page---***
06/10/2025 10:54:41 AM: INFO: ***---Launching Login Page---***
06/10/2025 10:54:42 AM: INFO: ***---Launching Home Page---***
06/10/2025 10:54:42 AM: INFO: ***---LLogin function is completed---***
06/10/2025 10:54:43 AM: INFO: ***---Launching browser window---***
06/10/2025 10:54:45 AM: INFO: ***---Launching Landing Page---***
06/10/2025 10:54:48 AM: INFO: ***---Launching Login Page---***
06/10/2025 10:54:49 AM: INFO: ***---Launching Home Page---***
06/10/2025 10:54:49 AM: INFO: ***---LLogin function is completed---***
06/10/2025 11:06:31 AM: INFO: ***---Login is started---***
06/10/2025 11:06:52 AM: INFO: ***---Login is started---***
06/10/2025 11:06:53 AM: INFO: ***---Launching browser window---***
06/10/2025 11:06:54 AM: INFO: ***---Launching Landing Page---***
06/10/2025 11:06:57 AM: INFO: ***---Launching Login Page---***
06/10/2025 11:06:58 AM: INFO: ***---Launching Home Page---***
06/10/2025 11:06:59 AM: INFO: ***---LLogin function is completed---***
06/10/2025 11:07:00 AM: INFO: ***---Launching browser window---***
06/10/2025 11:07:03 AM: INFO: ***---Launching Landing Page---***
06/10/2025 11:07:04 AM: INFO: ***---Launching Login Page---***
06/10/2025 11:07:04 AM: INFO: ***---Launching Home Page---***
06/10/2025 11:07:05 AM: INFO: ***---LLogin function is completed---***
06/10/2025 11:07:06 AM: INFO: ***---Launching browser window---***
06/10/2025 11:07:10 AM: INFO: ***---Launching Landing Page---***
06/10/2025 11:07:10 AM: INFO: ***---Launching Login Page---***
06/10/2025 11:07:11 AM: INFO: ***---Launching Home Page---***
06/10/2025 11:07:11 AM: INFO: ***---LLogin function is completed---***
06/10/2025 11:08:36 AM: INFO: ***---Login is started---***
06/10/2025 11:17:50 AM: INFO: ***---Login is started---***
06/10/2025 11:17:52 AM: INFO: ***---Launching browser window---***
06/10/2025 11:17:56 AM: INFO: ***---Launching Landing Page---***
06/10/2025 11:17:57 AM: INFO: ***---Launching Login Page---***
06/10/2025 11:17:57 AM: INFO: ***---Launching Home Page---***
06/10/2025 11:17:58 AM: INFO: ***---LLogin function is completed---***
06/10/2025 11:21:05 AM: INFO: ***---Login is started---***
06/10/2025 11:21:06 AM: INFO: ***---Launching browser window---***
06/10/2025 11:21:10 AM: INFO: ***---Launching Landing Page---***
06/10/2025 11:21:10 AM: INFO: ***---Launching Login Page---***
06/10/2025 11:21:11 AM: INFO: ***---Launching Home Page---***
06/10/2025 11:21:11 AM: INFO: ***---LLogin function is completed---***
06/10/2025 11:23:06 AM: INFO: ***---Login is started---***
06/10/2025 11:23:06 AM: INFO: ** Login DDT testing started **
06/10/2025 11:24:43 AM: INFO: ***---Login is started---***
06/10/2025 11:24:43 AM: INFO: ** Login DDT testing started **
06/10/2025 11:25:30 AM: INFO: ***---Login is started---***
06/10/2025 11:25:31 AM: INFO: ***---Launching browser window---***
06/10/2025 11:25:35 AM: INFO: ***---Launching Landing Page---***
06/10/2025 11:25:36 AM: INFO: ***---Launching Login Page---***
06/10/2025 11:25:37 AM: INFO: ***---Launching Home Page---***
06/10/2025 11:25:37 AM: INFO: ***---LLogin function is completed---***
06/10/2025 12:28:35 PM: INFO: ***---Login is started---***
06/10/2025 12:28:35 PM: INFO: ** Login DDT testing started **
06/10/2025 12:31:21 PM: INFO: ***---Login is started---***
06/10/2025 12:31:21 PM: INFO: ** Login DDT testing started **
06/10/2025 12:32:20 PM: INFO: ***---Login is started---***
06/10/2025 12:32:20 PM: INFO: ** Login DDT testing started **
06/10/2025 12:33:18 PM: INFO: ***---Login is started---***
06/10/2025 12:33:18 PM: INFO: ** Login DDT testing started **
06/10/2025 12:33:47 PM: INFO: ***---Login is started---***
06/10/2025 12:33:48 PM: INFO: ***---Launching browser window---***
06/10/2025 12:33:51 PM: INFO: ***---Launching Landing Page---***
06/10/2025 12:33:52 PM: INFO: ***---Launching Login Page---***
06/10/2025 12:33:53 PM: INFO: ***---Launching Home Page---***
06/10/2025 12:33:53 PM: INFO: ***---LLogin function is completed---***
06/10/2025 12:34:24 PM: INFO: ***---Login is started---***
06/10/2025 12:34:25 PM: INFO: ***---Launching browser window---***
06/10/2025 12:34:28 PM: INFO: ***---Launching Landing Page---***
06/10/2025 12:34:29 PM: INFO: ***---Launching Login Page---***
06/10/2025 12:34:29 PM: INFO: ***---Launching Home Page---***
06/10/2025 12:34:30 PM: INFO: ***---LLogin function is completed---***
06/10/2025 12:34:58 PM: INFO: ***---Login is started---***
06/10/2025 12:34:58 PM: INFO: ** Login DDT testing started **
06/10/2025 12:37:58 PM: INFO: ***---Login is started---***
06/10/2025 12:37:58 PM: INFO: ** Login DDT testing started **
06/10/2025 12:40:51 PM: INFO: ***---Login is started---***
06/10/2025 12:40:51 PM: INFO: ** Login DDT testing started **
06/10/2025 12:44:49 PM: INFO: ***---Login is started---***
06/10/2025 12:44:49 PM: INFO: ** Login DDT testing started **
06/10/2025 12:45:34 PM: INFO: ***---Login is started---***
06/10/2025 12:45:34 PM: INFO: ** Login DDT testing started **
06/10/2025 12:47:33 PM: INFO: ***---Login is started---***
06/10/2025 12:47:33 PM: INFO: ** Login DDT testing started **
06/10/2025 12:48:09 PM: INFO: ***---Login is started---***
06/10/2025 12:48:09 PM: INFO: ** Login DDT testing started **
06/10/2025 01:59:19 PM: INFO: ***---Login is started---***
06/10/2025 01:59:19 PM: INFO: ** Login DDT testing started **
06/10/2025 02:01:14 PM: INFO: ***---Login is started---***
06/10/2025 02:01:14 PM: INFO: ** Login DDT testing started **
06/10/2025 02:02:34 PM: INFO: ***---Login is started---***
06/10/2025 02:02:34 PM: INFO: ** Login DDT testing started **
06/10/2025 02:03:30 PM: INFO: ***---Login is started---***
06/10/2025 02:03:30 PM: INFO: ** Login DDT testing started **
06/10/2025 02:20:59 PM: INFO: ***---Login is started---***
06/10/2025 02:20:59 PM: INFO: ** Login DDT testing started **
06/10/2025 02:23:52 PM: INFO: ***---Login is started---***
06/10/2025 02:23:52 PM: INFO: ** Login DDT testing started **
06/10/2025 02:26:33 PM: INFO: ***---Login is started---***
06/10/2025 02:26:33 PM: INFO: ** Login DDT testing started **
06/10/2025 02:30:11 PM: INFO: ***---Login is started---***
06/10/2025 02:30:11 PM: INFO: ** Login DDT testing started **
06/10/2025 03:56:44 PM: INFO: ***---Login is started---***
06/10/2025 03:56:44 PM: INFO: ** Login DDT testing started **
06/10/2025 03:58:52 PM: INFO: ***---Login is started---***
06/10/2025 03:58:52 PM: INFO: ** Login DDT testing started **
06/10/2025 03:59:13 PM: INFO: ***---Login is started---***
06/10/2025 03:59:13 PM: INFO: ** Login DDT testing started **
06/10/2025 04:04:21 PM: INFO: ***---Login is started---***
06/10/2025 04:04:22 PM: INFO: ***---Launching browser window---***
06/10/2025 04:04:23 PM: INFO: ***---Launching Landing Page---***
06/10/2025 04:04:27 PM: INFO: ***---Launching Login Page---***
06/10/2025 04:04:28 PM: INFO: ***---Launching Home Page---***
06/10/2025 04:04:28 PM: INFO: ***---LLogin function is completed---***
06/10/2025 04:06:20 PM: INFO: ***---Login is started---***
06/10/2025 04:06:21 PM: INFO: ***---Launching browser window---***
06/10/2025 04:06:29 PM: INFO: ***---Launching Landing Page---***
06/10/2025 04:06:29 PM: INFO: ***---Launching Login Page---***
06/10/2025 04:06:29 PM: INFO: ***---Launching Home Page---***
06/10/2025 04:06:30 PM: INFO: ***---LLogin function is completed---***
06/10/2025 05:09:07 PM: INFO: ***---Login is started---***
06/10/2025 05:09:07 PM: INFO: ** Login DDT testing started **
06/10/2025 05:09:07 PM: INFO: ** Started checkout product tests**
06/10/2025 05:10:42 PM: INFO: ** Started checkout product tests**
06/10/2025 05:17:57 PM: INFO: ***---Login is started---***
06/10/2025 05:17:57 PM: INFO: ** Login DDT testing started **
06/10/2025 05:18:34 PM: INFO: Running checkout product test
06/10/2025 06:29:45 PM: INFO: ***---Login is started---***
06/10/2025 06:29:45 PM: INFO: ** Login DDT testing started **
06/10/2025 06:30:33 PM: INFO: ***---Login is started---***
06/10/2025 06:30:36 PM: INFO: ***---Launching browser window---***
06/10/2025 06:30:39 PM: INFO: ***---Launching Landing Page---***
06/10/2025 06:30:39 PM: INFO: ***---Launching Login Page---***
06/10/2025 06:30:39 PM: INFO: ***---Launching Home Page---***
06/10/2025 06:30:40 PM: INFO: ***---LLogin function is completed---***
06/10/2025 06:31:44 PM: INFO: ***---Login is started---***
06/10/2025 06:31:44 PM: INFO: ** Login DDT testing started **
06/10/2025 06:32:42 PM: INFO: ***---Login is started---***
06/10/2025 06:32:42 PM: INFO: ** Login DDT testing started **
06/10/2025 06:33:35 PM: INFO: ***---Login is started---***
06/10/2025 06:33:35 PM: INFO: ** Login DDT testing started **
06/10/2025 06:35:10 PM: INFO: ***---Login is started---***
06/10/2025 06:35:10 PM: INFO: ** Login DDT testing started **
06/10/2025 06:36:20 PM: INFO: ***---Login is started---***
06/10/2025 06:36:20 PM: INFO: ** Login DDT testing started **
06/10/2025 06:37:21 PM: INFO: ***---Login is started---***
06/10/2025 06:37:22 PM: INFO: ***---Launching browser window---***
06/10/2025 06:37:25 PM: INFO: ***---Launching Landing Page---***
06/10/2025 06:37:25 PM: INFO: ***---Launching Login Page---***
06/10/2025 06:37:26 PM: INFO: ***---Launching Home Page---***
06/10/2025 06:37:26 PM: INFO: ***---LLogin function is completed---***
06/10/2025 06:40:41 PM: INFO: ***---Login is started---***
06/10/2025 06:40:41 PM: INFO: ** Login DDT testing started **
06/10/2025 06:41:56 PM: INFO: ***---Login is started---***
06/10/2025 06:41:56 PM: INFO: ** Login DDT testing started **
06/10/2025 06:46:46 PM: INFO: ***---Login is started---***
06/10/2025 06:46:46 PM: INFO: ** Login DDT testing started **
06/11/2025 09:22:11 AM: INFO: ** Login DDT testing started **
06/11/2025 09:22:19 AM: INFO: ** getting total rows **
06/11/2025 09:22:19 AM: INFO: ** getting total columns **
06/11/2025 09:22:23 AM: INFO: ** creating all page objects **
06/11/2025 09:22:23 AM: INFO: ** ddt for loop **
06/11/2025 09:22:23 AM: INFO: ** getting result **
06/11/2025 09:22:24 AM: INFO: ** Verifying result **
06/11/2025 09:22:24 AM: INFO: ** result matched **
06/11/2025 09:22:26 AM: INFO: ** getting result **
06/11/2025 09:22:31 AM: INFO: ** Verifying result **
06/11/2025 09:22:31 AM: INFO: ** result matched **
06/11/2025 09:22:33 AM: INFO: ** getting result **
06/11/2025 09:22:38 AM: INFO: ** Verifying result **
06/11/2025 09:22:38 AM: INFO: ** result matched **
06/11/2025 12:04:44 PM: INFO: ** Login DDT testing started **
06/11/2025 12:04:46 PM: INFO: ** getting total rows **
06/11/2025 12:04:46 PM: INFO: ** getting total columns **
06/11/2025 12:04:47 PM: INFO: ** creating all page objects **
06/11/2025 12:04:47 PM: INFO: ** ddt for loop **
06/11/2025 12:04:50 PM: INFO: ** getting result **
06/11/2025 12:04:51 PM: INFO: ** Verifying result **
06/11/2025 12:04:51 PM: INFO: ** result matched **
06/11/2025 12:04:53 PM: INFO: ** getting result **
06/11/2025 12:04:58 PM: INFO: ** Verifying result **
06/11/2025 12:04:58 PM: INFO: ** result matched **
06/11/2025 12:05:00 PM: INFO: ** getting result **
06/11/2025 12:05:05 PM: INFO: ** Verifying result **
06/11/2025 12:05:05 PM: INFO: ** result matched **
06/11/2025 12:37:27 PM: INFO: ***---Login is started---***
06/11/2025 12:37:27 PM: INFO: ** Login DDT testing started **
06/11/2025 12:38:07 PM: INFO: ***---Login is started---***
06/11/2025 12:38:08 PM: INFO: ***---Launching browser window---***
06/11/2025 12:38:10 PM: INFO: ***---Launching Landing Page---***
06/11/2025 12:38:13 PM: INFO: ***---Launching Login Page---***
06/11/2025 12:38:14 PM: INFO: ***---Launching Home Page---***
06/11/2025 12:38:14 PM: INFO: ***---LLogin function is completed---***
06/11/2025 12:50:49 PM: INFO: ***---Login is started---***
06/11/2025 12:50:50 PM: INFO: ***---Launching browser window---***
06/11/2025 12:50:51 PM: INFO: ***---Launching Landing Page---***
06/11/2025 12:50:54 PM: INFO: ***---Launching Login Page---***
06/11/2025 12:50:55 PM: INFO: ***---Launching Home Page---***
06/11/2025 12:50:55 PM: INFO: ***---LLogin function is completed---***
06/11/2025 12:52:03 PM: INFO: ***---Login is started---***
06/11/2025 12:52:05 PM: INFO: ***---Launching browser window---***
06/11/2025 12:52:08 PM: INFO: ***---Launching Landing Page---***
06/11/2025 12:52:08 PM: INFO: ***---Launching Login Page---***
06/11/2025 12:52:09 PM: INFO: ***---Launching Home Page---***
06/11/2025 12:52:09 PM: INFO: ***---LLogin function is completed---***
06/11/2025 12:56:32 PM: INFO: ***---Login is started---***
06/11/2025 12:56:33 PM: INFO: ***---Launching browser window---***
06/11/2025 12:56:36 PM: INFO: ***---Launching Landing Page---***
06/11/2025 12:56:37 PM: INFO: ***---Launching Login Page---***
06/11/2025 12:56:38 PM: INFO: ***---Launching Home Page---***
06/11/2025 12:56:38 PM: INFO: ***---LLogin function is completed---***
06/11/2025 01:01:05 PM: INFO: ***---Login is started---***
06/11/2025 01:01:06 PM: INFO: ***---Launching browser window---***
06/11/2025 01:01:07 PM: INFO: ***---Launching Landing Page---***
06/11/2025 01:01:10 PM: INFO: ***---Launching Login Page---***
06/11/2025 01:01:11 PM: INFO: ***---Launching Home Page---***
06/11/2025 01:01:11 PM: INFO: ***---LLogin function is completed---***
06/11/2025 01:10:51 PM: INFO: ***---Login is started---***
06/11/2025 01:10:53 PM: INFO: ***---Launching browser window---***
06/11/2025 01:10:54 PM: INFO: ***---Launching Landing Page---***
06/11/2025 01:10:57 PM: INFO: ***---Launching Login Page---***
06/11/2025 01:10:58 PM: INFO: ***---Launching Home Page---***
06/11/2025 01:10:58 PM: INFO: ***---LLogin function is completed---***
06/11/2025 01:16:25 PM: INFO: ** Login DDT testing started **
06/11/2025 01:16:26 PM: INFO: ** getting total rows **
06/11/2025 01:17:28 PM: INFO: ** getting total columns **
06/11/2025 02:27:18 PM: INFO: ***---Login is started---***
06/11/2025 02:27:19 PM: INFO: ***---Launching browser window---***
06/11/2025 02:27:20 PM: INFO: ***---Launching Landing Page---***
06/11/2025 02:27:23 PM: INFO: ***---Launching Login Page---***
06/11/2025 02:27:23 PM: INFO: ***---Launching Home Page---***
06/11/2025 02:27:24 PM: INFO: ***---LLogin function is completed---***
06/11/2025 02:27:35 PM: INFO: **---TC001 Account Registration started----**
06/11/2025 02:27:35 PM: INFO: **---Launching Application----**
06/11/2025 02:27:39 PM: INFO: **---clicking on Register link----**
06/11/2025 02:27:39 PM: INFO: **---Entering basic details----**
06/11/2025 02:27:39 PM: INFO: **---clicking on Registration button----**
06/11/2025 02:27:40 PM: INFO: **---result msg is matched----**
06/11/2025 02:27:40 PM: INFO: **---TC001 Account Registration finished----**
06/11/2025 02:28:21 PM: INFO: ** Login DDT testing started **
06/11/2025 02:28:22 PM: INFO: ** getting total rows **
06/11/2025 02:28:22 PM: INFO: ** getting total columns **
06/11/2025 02:28:23 PM: INFO: ** creating all page objects **
06/11/2025 02:28:23 PM: INFO: ** ddt for loop **
06/11/2025 02:28:27 PM: INFO: ** getting result **
06/11/2025 02:28:27 PM: INFO: ** Verifying result **
06/11/2025 02:28:27 PM: INFO: ** result matched **
06/11/2025 02:28:29 PM: INFO: ** getting result **
06/11/2025 02:28:34 PM: INFO: ** Verifying result **
06/11/2025 02:28:34 PM: INFO: ** result matched **
06/11/2025 02:28:35 PM: INFO: ** getting result **
06/11/2025 02:28:40 PM: INFO: ** Verifying result **
06/11/2025 02:28:40 PM: INFO: ** result matched **
06/11/2025 02:34:20 PM: INFO: ***---Login is started---***
06/11/2025 02:34:21 PM: INFO: ***---Launching browser window---***
06/11/2025 02:34:25 PM: INFO: ***---Launching Landing Page---***
06/11/2025 02:34:25 PM: INFO: ***---Launching Login Page---***
06/11/2025 02:34:26 PM: INFO: ***---Launching Home Page---***
06/11/2025 02:34:26 PM: INFO: ***---LLogin function is completed---***
06/11/2025 02:39:55 PM: INFO: **---TC001 Account Registration started----**
06/11/2025 02:39:55 PM: INFO: **---Launching Application----**
06/11/2025 02:39:58 PM: INFO: **---clicking on Register link----**
06/11/2025 02:39:59 PM: INFO: **---Entering basic details----**
06/11/2025 02:39:59 PM: INFO: **---clicking on Registration button----**
06/11/2025 02:40:00 PM: INFO: **---result msg is matched----**
06/11/2025 02:40:00 PM: INFO: **---TC001 Account Registration finished----**
06/11/2025 02:40:06 PM: INFO: ***---Login is started---***
06/11/2025 02:40:07 PM: INFO: ***---Launching browser window---***
06/11/2025 02:40:09 PM: INFO: ***---Launching Landing Page---***
06/11/2025 02:40:11 PM: INFO: ***---Launching Login Page---***
06/11/2025 02:40:12 PM: INFO: ***---Launching Home Page---***
06/11/2025 02:40:12 PM: INFO: ***---LLogin function is completed---***
06/11/2025 02:40:18 PM: INFO: ** Login DDT testing started **
06/11/2025 02:40:19 PM: INFO: ** getting total rows **
06/11/2025 02:40:19 PM: INFO: ** getting total columns **
06/11/2025 02:40:23 PM: INFO: ** creating all page objects **
06/11/2025 02:40:23 PM: INFO: ** ddt for loop **
06/11/2025 02:40:24 PM: INFO: ** getting result **
06/11/2025 02:40:24 PM: INFO: ** Verifying result **
06/11/2025 02:40:24 PM: INFO: ** result matched **
06/11/2025 02:40:28 PM: INFO: ** getting result **
06/11/2025 02:40:33 PM: INFO: ** Verifying result **
06/11/2025 02:40:33 PM: INFO: ** result matched **
06/11/2025 02:40:34 PM: INFO: ** getting result **
06/11/2025 02:40:39 PM: INFO: ** Verifying result **
06/11/2025 02:40:39 PM: INFO: ** result matched **
06/11/2025 02:44:03 PM: INFO: ***---Login is started---***
06/11/2025 02:44:04 PM: INFO: ***---Launching browser window---***
06/11/2025 02:44:05 PM: INFO: ***---Launching Landing Page---***
06/11/2025 02:44:08 PM: INFO: ***---Launching Login Page---***
06/11/2025 02:44:08 PM: INFO: ***---Launching Home Page---***
06/11/2025 02:44:09 PM: INFO: ***---LLogin function is completed---***
06/11/2025 02:49:10 PM: INFO: ** Login DDT testing started **
06/11/2025 02:49:10 PM: INFO: ***invoking the browser***
06/11/2025 02:49:11 PM: INFO: ***browser invoked***
06/11/2025 02:49:11 PM: INFO: ** getting total rows **
06/11/2025 02:49:11 PM: INFO: ** getting total columns **
06/11/2025 02:49:12 PM: INFO: ** creating all page objects **
06/11/2025 02:49:12 PM: INFO: ** ddt for loop **
06/11/2025 02:49:16 PM: INFO: ** getting result **
06/11/2025 02:49:19 PM: INFO: ** Verifying result **
06/11/2025 02:49:19 PM: INFO: ** result matched **
06/11/2025 02:49:22 PM: INFO: ** getting result **
06/11/2025 02:49:27 PM: INFO: ** Verifying result **
06/11/2025 02:49:27 PM: INFO: ** result matched **
06/11/2025 02:49:29 PM: INFO: ** getting result **
06/11/2025 02:49:34 PM: INFO: ** Verifying result **
06/11/2025 02:49:34 PM: INFO: ** result matched **
06/11/2025 02:49:34 PM: INFO: ***closing the browser***
06/11/2025 02:49:34 PM: INFO: ***browser closed***
06/11/2025 02:49:42 PM: INFO: ***---Login is started---***
06/11/2025 02:49:42 PM: INFO: ***invoking the browser***
06/11/2025 02:49:43 PM: INFO: ***browser invoked***
06/11/2025 02:49:43 PM: INFO: ***---Launching browser window---***
06/11/2025 02:49:44 PM: INFO: ***---Launching Landing Page---***
06/11/2025 02:49:47 PM: INFO: ***---Launching Login Page---***
06/11/2025 02:49:48 PM: INFO: ***---Launching Home Page---***
06/11/2025 02:49:48 PM: INFO: ***---LLogin function is completed---***
06/11/2025 02:49:48 PM: INFO: ***closing the browser***
06/11/2025 02:49:48 PM: INFO: ***browser closed***
06/11/2025 02:50:22 PM: INFO: ***---Login is started---***
06/11/2025 02:50:22 PM: INFO: ***invoking the browser***
06/11/2025 02:50:23 PM: INFO: ***browser invoked***
06/11/2025 02:50:24 PM: INFO: ***---Launching browser window---***
06/11/2025 02:50:27 PM: INFO: ***---Launching Landing Page---***
06/11/2025 02:50:27 PM: INFO: ***---Launching Login Page---***
06/11/2025 02:50:27 PM: INFO: ***---Launching Home Page---***
06/11/2025 02:50:28 PM: INFO: ***---LLogin function is completed---***
06/11/2025 02:50:28 PM: INFO: ***closing the browser***
06/11/2025 02:50:28 PM: INFO: ***browser closed***
